2023-08-19 10:20:27 - Starting DocMgtApplication using Java 17.0.6 on SOLVDEV86 with PID 31396 (C:\Users\ehis.iribhogbe\Desktop\old code\doc-mgt\target\classes started by Ehis.Iribhogbe in C:\Users\ehis.iribhogbe\Desktop\old code\doc-mgt)
2023-08-19 10:20:27 - HV000001: Hibernate Validator 6.2.0.Final
2023-08-19 10:20:27 - The following profiles are active: render
2023-08-19 10:20:27 - Devtools property defaults active! Set 'spring.devtools.add-properties' to 'false' to disable
2023-08-19 10:20:27 - For additional web related logging consider setting the 'logging.level.web' property to 'DEBUG'
2023-08-19 10:20:29 - Bootstrapping Spring Data JPA repositories in DEFAULT mode.
2023-08-19 10:20:29 - Finished Spring Data repository scanning in 173 ms. Found 6 JPA repository interfaces.
2023-08-19 10:20:30 - Tomcat initialized with port(s): 8085 (http)
2023-08-19 10:20:30 - Initializing ProtocolHandler ["http-nio-8085"]
2023-08-19 10:20:30 - Starting service [Tomcat]
2023-08-19 10:20:30 - Starting Servlet engine: [Apache Tomcat/9.0.56]
2023-08-19 10:20:30 - Initializing Spring embedded WebApplicationContext
2023-08-19 10:20:30 - Root WebApplicationContext: initialization completed in 2806 ms
2023-08-19 10:20:30 - HHH000204: Processing PersistenceUnitInfo [name: default]
2023-08-19 10:20:30 - HHH000412: Hibernate ORM core version 5.6.3.Final
2023-08-19 10:20:31 - HCANN000001: Hibernate Commons Annotations {5.1.2.Final}
2023-08-19 10:20:31 - HikariPool-1 - Starting...
2023-08-19 10:20:35 - HikariPool-1 - Start completed.
2023-08-19 10:20:35 - HHH000400: Using dialect: org.hibernate.dialect.PostgreSQL95Dialect
2023-08-19 10:20:43 - HHH000490: Using JtaPlatform implementation: [org.hibernate.engine.transaction.jta.platform.internal.NoJtaPlatform]
2023-08-19 10:20:43 - Initialized JPA EntityManagerFactory for persistence unit 'default'
2023-08-19 10:20:44 - spring.jpa.open-in-view is enabled by default. Therefore, database queries may be performed during view rendering. Explicitly configure spring.jpa.open-in-view to disable this warning
2023-08-19 10:20:45 - Will secure any request with [org.springframework.security.web.context.request.async.WebAsyncManagerIntegrationFilter@4368e274, org.springframework.security.web.context.SecurityContextPersistenceFilter@29dd9d47, org.springframework.security.web.header.HeaderWriterFilter@9b915da, org.springframework.web.filter.CorsFilter@2b1c6416, org.springframework.security.web.authentication.logout.LogoutFilter@42e623d3, com.doc.mgt.system.docmgt.security.JwtAuthorizationFilter@7e14865b, org.springframework.security.web.savedrequest.RequestCacheAwareFilter@6db4800b, org.springframework.security.web.servletapi.SecurityContextHolderAwareRequestFilter@1c93740c, org.springframework.security.web.authentication.AnonymousAuthenticationFilter@2c90450d, org.springframework.security.web.session.SessionManagementFilter@15b223dd, org.springframework.security.web.access.ExceptionTranslationFilter@69503840, org.springframework.security.web.access.intercept.FilterSecurityInterceptor@6173be3e]
2023-08-19 10:20:45 - LiveReload server is running on port 35729
2023-08-19 10:20:45 - Starting ProtocolHandler ["http-nio-8085"]
2023-08-19 10:20:45 - Tomcat started on port(s): 8085 (http) with context path ''
2023-08-19 10:20:49 - Getting Admin Role using name => Super Admin
2023-08-19 10:20:50 - Started DocMgtApplication in 23.263 seconds (JVM running for 24.881)
2023-08-19 10:54:07 - Closing JPA EntityManagerFactory for persistence unit 'default'
2023-08-19 10:54:07 - HikariPool-1 - Shutdown initiated...
2023-08-19 10:54:09 - HikariPool-1 - Shutdown completed.
2023-08-19 10:55:40 - Neither @ContextConfiguration nor @ContextHierarchy found for test class [com.doc.mgt.system.docmgt.DocMgtApplicationTests], using SpringBootContextLoader
2023-08-19 10:55:40 - Could not detect default resource locations for test class [com.doc.mgt.system.docmgt.DocMgtApplicationTests]: no resource found for suffixes {-context.xml, Context.groovy}.
2023-08-19 10:55:40 - Could not detect default configuration classes for test class [com.doc.mgt.system.docmgt.DocMgtApplicationTests]: DocMgtApplicationTests does not declare any static, non-private, non-final, nested classes annotated with @Configuration.
2023-08-19 10:55:40 - Found @SpringBootConfiguration com.doc.mgt.system.docmgt.DocMgtApplication for test class com.doc.mgt.system.docmgt.DocMgtApplicationTests
2023-08-19 10:55:40 - Loaded default TestExecutionListener class names from location [META-INF/spring.factories]: [org.springframework.boot.test.mock.mockito.MockitoTestExecutionListener, org.springframework.boot.test.mock.mockito.ResetMocksTestExecutionListener, org.springframework.boot.test.autoconfigure.restdocs.RestDocsTestExecutionListener, org.springframework.boot.test.autoconfigure.web.client.MockRestServiceServerResetTestExecutionListener, org.springframework.boot.test.autoconfigure.web.servlet.MockMvcPrintOnlyOnFailureTestExecutionListener, org.springframework.boot.test.autoconfigure.web.servlet.WebDriverTestExecutionListener, org.springframework.boot.test.autoconfigure.webservices.client.MockWebServiceServerTestExecutionListener, org.springframework.test.context.web.ServletTestExecutionListener, org.springframework.test.context.support.DirtiesContextBeforeModesTestExecutionListener, org.springframework.test.context.event.ApplicationEventsTestExecutionListener, org.springframework.test.context.support.DependencyInjectionTestExecutionListener, org.springframework.test.context.support.DirtiesContextTestExecutionListener, org.springframework.test.context.transaction.TransactionalTestExecutionListener, org.springframework.test.context.jdbc.SqlScriptsTestExecutionListener, org.springframework.test.context.event.EventPublishingTestExecutionListener, org.springframework.security.test.context.support.WithSecurityContextTestExecutionListener, org.springframework.security.test.context.support.ReactorContextTestExecutionListener]
2023-08-19 10:55:40 - Using TestExecutionListeners: [org.springframework.test.context.web.ServletTestExecutionListener@5c530d1e, org.springframework.test.context.support.DirtiesContextBeforeModesTestExecutionListener@6c25e6c4, org.springframework.test.context.event.ApplicationEventsTestExecutionListener@85e6769, org.springframework.boot.test.mock.mockito.MockitoTestExecutionListener@c5ee75e, org.springframework.boot.test.autoconfigure.SpringBootDependencyInjectionTestExecutionListener@48a12036, org.springframework.test.context.support.DirtiesContextTestExecutionListener@bf1ec20, org.springframework.test.context.transaction.TransactionalTestExecutionListener@70efb718, org.springframework.test.context.jdbc.SqlScriptsTestExecutionListener@b70da4c, org.springframework.test.context.event.EventPublishingTestExecutionListener@4a11eb84, org.springframework.security.test.context.support.WithSecurityContextTestExecutionListener@4e858e0a, org.springframework.security.test.context.support.ReactorContextTestExecutionListener@435fb7b5, org.springframework.boot.test.mock.mockito.ResetMocksTestExecutionListener@4e70a728, org.springframework.boot.test.autoconfigure.restdocs.RestDocsTestExecutionListener@b7838a9, org.springframework.boot.test.autoconfigure.web.client.MockRestServiceServerResetTestExecutionListener@696f0212, org.springframework.boot.test.autoconfigure.web.servlet.MockMvcPrintOnlyOnFailureTestExecutionListener@5733f295, org.springframework.boot.test.autoconfigure.web.servlet.WebDriverTestExecutionListener@1c3146bc, org.springframework.boot.test.autoconfigure.webservices.client.MockWebServiceServerTestExecutionListener@56c698e3]
2023-08-19 10:55:40 - Starting DocMgtApplicationTests using Java 17.0.6 on SOLVDEV86 with PID 20716 (started by Ehis.Iribhogbe in C:\Users\ehis.iribhogbe\Desktop\old code\doc-mgt)
2023-08-19 10:55:40 - The following profiles are active: test
2023-08-19 10:55:40 - HV000001: Hibernate Validator 6.2.0.Final
2023-08-19 10:55:41 - Bootstrapping Spring Data JPA repositories in DEFAULT mode.
2023-08-19 10:55:41 - Finished Spring Data repository scanning in 113 ms. Found 6 JPA repository interfaces.
2023-08-19 10:55:42 - HHH000204: Processing PersistenceUnitInfo [name: default]
2023-08-19 10:55:42 - HHH000412: Hibernate ORM core version 5.6.3.Final
2023-08-19 10:55:42 - HCANN000001: Hibernate Commons Annotations {5.1.2.Final}
2023-08-19 10:55:42 - HikariPool-1 - Starting...
2023-08-19 10:55:43 - HikariPool-1 - Start completed.
2023-08-19 10:55:43 - HHH000400: Using dialect: org.hibernate.dialect.SQLServer2012Dialect
2023-08-19 10:55:45 - HHH000490: Using JtaPlatform implementation: [org.hibernate.engine.transaction.jta.platform.internal.NoJtaPlatform]
2023-08-19 10:55:45 - Initialized JPA EntityManagerFactory for persistence unit 'default'
2023-08-19 10:55:46 - spring.jpa.open-in-view is enabled by default. Therefore, database queries may be performed during view rendering. Explicitly configure spring.jpa.open-in-view to disable this warning
2023-08-19 10:55:47 - Will secure any request with [org.springframework.security.web.context.request.async.WebAsyncManagerIntegrationFilter@42c9f2cd, org.springframework.security.web.context.SecurityContextPersistenceFilter@495a9305, org.springframework.security.web.header.HeaderWriterFilter@411e567e, org.springframework.web.filter.CorsFilter@797c67c, org.springframework.security.web.authentication.logout.LogoutFilter@17e725fb, com.doc.mgt.system.docmgt.security.JwtAuthorizationFilter@57f1fbae, org.springframework.security.web.savedrequest.RequestCacheAwareFilter@75c095a5, org.springframework.security.web.servletapi.SecurityContextHolderAwareRequestFilter@689fe2a3, org.springframework.security.web.authentication.AnonymousAuthenticationFilter@31ce271c, org.springframework.security.web.session.SessionManagementFilter@149ef64a, org.springframework.security.web.access.ExceptionTranslationFilter@381d7c4c, org.springframework.security.web.access.intercept.FilterSecurityInterceptor@7c08461b]
2023-08-19 10:55:49 - Getting Admin Role using name => Super Admin
2023-08-19 10:55:50 - Started DocMgtApplicationTests in 9.564 seconds (JVM running for 10.694)
2023-08-19 10:55:50 - Closing JPA EntityManagerFactory for persistence unit 'default'
2023-08-19 10:55:50 - HikariPool-1 - Shutdown initiated...
2023-08-19 10:55:50 - HikariPool-1 - Shutdown completed.
